# JRE version: 7.0_17-b02
# Java VM: Java HotSpot(TM) Client VM (23.7-b01 mixed mode windows-x86 )
Heap
 def new generation   total 4928K, used 1162K [0x02cf0000, 0x03240000, 0x08240000)
  eden space 4416K,  21% used [0x02cf0000, 0x02dde6b8, 0x03140000)
  from space 512K,  40% used [0x03140000, 0x03174390, 0x031c0000)
  to   space 512K,   0% used [0x031c0000, 0x031c0000, 0x03240000)
 tenured generation   total 10944K, used 3019K [0x08240000, 0x08cf0000, 0x12cf0000)
   the space 10944K,  27% used [0x08240000, 0x08532f78, 0x08533000, 0x08cf0000)
 compacting perm gen  total 12288K, used 5714K [0x12cf0000, 0x138f0000, 0x16cf0000)
   the space 12288K,  46% used [0x12cf0000, 0x13284858, 0x13284a00, 0x138f0000)
GC Heap History (10 events):
Event: 2.171 GC heap before
{Heap before GC invocations=1 (full 0):
 def new generation   total 4928K, used 4928K [0x02cf0000, 0x03240000, 0x08240000)
  eden space 4416K, 100% used [0x02cf0000, 0x03140000, 0x03140000)
  from space 512K, 100% used [0x031c0000, 0x03240000, 0x03240000)
  to   space 512K,   0% used [0x03140000, 0x03140000, 0x031c0000)
 tenured generation   total 10944K, used 810K [0x08240000, 0x08cf0000, 0x12cf0000)
   the space 10944K,   7% used [0x08240000, 0x0830ab80, 0x0830ac00, 0x08cf0000)
 compacting perm gen  total 12288K, used 2729K [0x12cf0000, 0x138f0000, 0x16cf0000)
   the space 12288K,  22% used [0x12cf0000, 0x12f9a658, 0x12f9a800, 0x138f0000)
No shared spaces configured.
Event: 2.176 GC heap after
Heap after GC invocations=2 (full 0):
 def new generation   total 4928K, used 435K [0x02cf0000, 0x03240000, 0x08240000)
  eden space 4416K,   0% used [0x02cf0000, 0x02cf0000, 0x03140000)
  from space 512K,  85% used [0x03140000, 0x031acce8, 0x031c0000)
  to   space 512K,   0% used [0x031c0000, 0x031c0000, 0x03240000)
 tenured generation   total 10944K, used 1302K [0x08240000, 0x08cf0000, 0x12cf0000)
   the space 10944K,  11% used [0x08240000, 0x083859c0, 0x08385a00, 0x08cf0000)
 compacting perm gen  total 12288K, used 2729K [0x12cf0000, 0x138f0000, 0x16cf0000)
   the space 12288K,  22% used [0x12cf0000, 0x12f9a658, 0x12f9a800, 0x138f0000)
No shared spaces configured.
}
Event: 2.471 GC heap before
{Heap before GC invocations=2 (full 0):
 def new generation   total 4928K, used 4850K [0x02cf0000, 0x03240000, 0x08240000)
  eden space 4416K,  99% used [0x02cf0000, 0x0313fe40, 0x03140000)
  from space 512K,  85% used [0x03140000, 0x031acce8, 0x031c0000)
  to   space 512K,   0% used [0x031c0000, 0x031c0000, 0x03240000)
 tenured generation   total 10944K, used 1302K [0x08240000, 0x08cf0000, 0x12cf0000)
   the space 10944K,  11% used [0x08240000, 0x083859c0, 0x08385a00, 0x08cf0000)
 compacting perm gen  total 12288K, used 3157K [0x12cf0000, 0x138f0000, 0x16cf0000)
   the space 12288K,  25% used [0x12cf0000, 0x130055a0, 0x13005600, 0x138f0000)
No shared spaces configured.
Event: 2.475 GC heap after
Heap after GC invocations=3 (full 0):
 def new generation   total 4928K, used 512K [0x02cf0000, 0x03240000, 0x08240000)
  eden space 4416K,   0% used [0x02cf0000, 0x02cf0000, 0x03140000)
  from space 512K, 100% used [0x031c0000, 0x03240000, 0x03240000)
  to   space 512K,   0% used [0x03140000, 0x03140000, 0x031c0000)
 tenured generation   total 10944K, used 1673K [0x08240000, 0x08cf0000, 0x12cf0000)
   the space 10944K,  15% used [0x08240000, 0x083e24c8, 0x083e2600, 0x08cf0000)
 compacting perm gen  total 12288K, used 3157K [0x12cf0000, 0x138f0000, 0x16cf0000)
   the space 12288K,  25% used [0x12cf0000, 0x130055a0, 0x13005600, 0x138f0000)
No shared spaces configured.
}
Event: 3.156 GC heap before
{Heap before GC invocations=3 (full 0):
 def new generation   total 4928K, used 4928K [0x02cf0000, 0x03240000, 0x08240000)
  eden space 4416K, 100% used [0x02cf0000, 0x03140000, 0x03140000)
  from space 512K, 100% used [0x031c0000, 0x03240000, 0x03240000)
  to   space 512K,   0% used [0x03140000, 0x03140000, 0x031c0000)
 tenured generation   total 10944K, used 1673K [0x08240000, 0x08cf0000, 0x12cf0000)
   the space 10944K,  15% used [0x08240000, 0x083e24c8, 0x083e2600, 0x08cf0000)
 compacting perm gen  total 12288K, used 5008K [0x12cf0000, 0x138f0000, 0x16cf0000)
   the space 12288K,  40% used [0x12cf0000, 0x131d41e0, 0x131d4200, 0x138f0000)
No shared spaces configured.
Event: 3.162 GC heap after
Heap after GC invocations=4 (full 0):
 def new generation   total 4928K, used 512K [0x02cf0000, 0x03240000, 0x08240000)
  eden space 4416K,   0% used [0x02cf0000, 0x02cf0000, 0x03140000)
  from space 512K, 100% used [0x03140000, 0x031c0000, 0x031c0000)
  to   space 512K,   0% used [0x031c0000, 0x031c0000, 0x03240000)
 tenured generation   total 10944K, used 2288K [0x08240000, 0x08cf0000, 0x12cf0000)
   the space 10944K,  20% used [0x08240000, 0x0847c358, 0x0847c400, 0x08cf0000)
 compacting perm gen  total 12288K, used 5008K [0x12cf0000, 0x138f0000, 0x16cf0000)
   the space 12288K,  40% used [0x12cf0000, 0x131d41e0, 0x131d4200, 0x138f0000)
No shared spaces configured.
}
Event: 3.310 GC heap before
{Heap before GC invocations=4 (full 0):
 def new generation   total 4928K, used 4928K [0x02cf0000, 0x03240000, 0x08240000)
  eden space 4416K, 100% used [0x02cf0000, 0x03140000, 0x03140000)
  from space 512K, 100% used [0x03140000, 0x031c0000, 0x031c0000)
  to   space 512K,   0% used [0x031c0000, 0x031c0000, 0x03240000)
 tenured generation   total 10944K, used 2288K [0x08240000, 0x08cf0000, 0x12cf0000)
   the space 10944K,  20% used [0x08240000, 0x0847c358, 0x0847c400, 0x08cf0000)
 compacting perm gen  total 12288K, used 5522K [0x12cf0000, 0x138f0000, 0x16cf0000)
   the space 12288K,  44% used [0x12cf0000, 0x132549c0, 0x13254a00, 0x138f0000)
No shared spaces configured.
Event: 3.315 GC heap after
Heap after GC invocations=5 (full 0):
 def new generation   total 4928K, used 512K [0x02cf0000, 0x03240000, 0x08240000)
  eden space 4416K,   0% used [0x02cf0000, 0x02cf0000, 0x03140000)
  from space 512K, 100% used [0x031c0000, 0x03240000, 0x03240000)
  to   space 512K,   0% used [0x03140000, 0x03140000, 0x031c0000)
 tenured generation   total 10944K, used 2906K [0x08240000, 0x08cf0000, 0x12cf0000)
   the space 10944K,  26% used [0x08240000, 0x08516ab0, 0x08516c00, 0x08cf0000)
 compacting perm gen  total 12288K, used 5522K [0x12cf0000, 0x138f0000, 0x16cf0000)
   the space 12288K,  44% used [0x12cf0000, 0x132549c0, 0x13254a00, 0x138f0000)
No shared spaces configured.
}
Event: 3.469 GC heap before
{Heap before GC invocations=5 (full 0):
 def new generation   total 4928K, used 4928K [0x02cf0000, 0x03240000, 0x08240000)
  eden space 4416K, 100% used [0x02cf0000, 0x03140000, 0x03140000)
  from space 512K, 100% used [0x031c0000, 0x03240000, 0x03240000)
  to   space 512K,   0% used [0x03140000, 0x03140000, 0x031c0000)
 tenured generation   total 10944K, used 2906K [0x08240000, 0x08cf0000, 0x12cf0000)
   the space 10944K,  26% used [0x08240000, 0x08516ab0, 0x08516c00, 0x08cf0000)
 compacting perm gen  total 12288K, used 5671K [0x12cf0000, 0x138f0000, 0x16cf0000)
   the space 12288K,  46% used [0x12cf0000, 0x13279d70, 0x13279e00, 0x138f0000)
No shared spaces configured.
Event: 3.472 GC heap after
Heap after GC invocations=6 (full 0):
 def new generation   total 4928K, used 208K [0x02cf0000, 0x03240000, 0x08240000)
  eden space 4416K,   0% used [0x02cf0000, 0x02cf0000, 0x03140000)
  from space 512K,  40% used [0x03140000, 0x03174390, 0x031c0000)
  to   space 512K,   0% used [0x031c0000, 0x031c0000, 0x03240000)
 tenured generation   total 10944K, used 3019K [0x08240000, 0x08cf0000, 0x12cf0000)
   the space 10944K,  27% used [0x08240000, 0x08532f78, 0x08533000, 0x08cf0000)
 compacting perm gen  total 12288K, used 5671K [0x12cf0000, 0x138f0000, 0x16cf0000)
   the space 12288K,  46% used [0x12cf0000, 0x13279d70, 0x13279e00, 0x138f0000)
No shared spaces configured.
}

